<?xml version='1.0'?>
<ns2:test-suite xmlns:ns2='urn:model.allure.qatools.yandex.ru' start='1625041542786' stop='1625041542788'>
    <name>The Automation Practice site E2E flow: As a new user, I want to create a new account</name>
    <title>The Automation Practice site E2E flow: As a new user, I want to create a new account</title>
    <test-cases>
        <test-case start='1625041542786' status='passed' stop='1625041542787'>
            <name></name>
            <title></title>
            <labels>
                <label name='language' value='javascript'/>
                <label name='framework' value='wdio'/>
                <label name='thread' value='0-0'/>
            </labels>
            <parameters>
                <parameter kind='argument' name='browser' value='chrome-91.0.4472.114'/>
            </parameters>
            <steps/>
            <attachments/>
        </test-case>
        <test-case start='1625041542787' status='broken' stop='1625041542787'>
            <name>Given I am on the My Account page</name>
            <title>Given I am on the My Account page</title>
            <labels>
                <label name='language' value='javascript'/>
                <label name='framework' value='wdio'/>
                <label name='thread' value='0-0'/>
            </labels>
            <parameters>
                <parameter kind='argument' name='browser' value='chrome-91.0.4472.114'/>
            </parameters>
            <steps/>
            <attachments/>
            <failure>
                <message>Step "I am on the My Account page" is not defined. You can ignore this error by setting cucumberOpts.ignoreUndefinedDefinitions as true.</message>
                <stack-trace>Step "I am on the My Account page" is not defined. You can ignore this error by setting cucumberOpts.ignoreUndefinedDefinitions as true.
                	at Feature(C:\Users\ayeliyur\Desktop\wdio-v7\features\login.feature):1:1
                	at Scenario(As a new user, I want to create a new account):9:3
                	at Step(I am on the My Account page):11:5
                </stack-trace>
            </failure>
        </test-case>
        <test-case start='1625041542787' status='undefined'>
            <name>When I enter the emailID and click on the Create an Account button</name>
            <title>When I enter the emailID and click on the Create an Account button</title>
            <labels>
                <label name='language' value='javascript'/>
                <label name='framework' value='wdio'/>
                <label name='thread' value='0-0'/>
            </labels>
            <parameters>
                <parameter kind='argument' name='browser' value='chrome-91.0.4472.114'/>
            </parameters>
            <steps/>
            <attachments/>
        </test-case>
        <test-case start='1625041542787' status='pending' stop='1625041542787'>
            <name>I enter the emailID and click on the Create an Account button</name>
            <title>I enter the emailID and click on the Create an Account button</title>
            <labels/>
            <parameters/>
            <steps/>
            <attachments/>
            <failure>
                <message>Test ignored</message>
                <stack-trace>undefined</stack-trace>
            </failure>
        </test-case>
        <test-case start='1625041542787' status='undefined'>
            <name>Then I should navigate to the personal information page</name>
            <title>Then I should navigate to the personal information page</title>
            <labels>
                <label name='language' value='javascript'/>
                <label name='framework' value='wdio'/>
                <label name='thread' value='0-0'/>
            </labels>
            <parameters>
                <parameter kind='argument' name='browser' value='chrome-91.0.4472.114'/>
            </parameters>
            <steps/>
            <attachments/>
        </test-case>
        <test-case start='1625041542787' status='pending' stop='1625041542787'>
            <name>I should navigate to the personal information page</name>
            <title>I should navigate to the personal information page</title>
            <labels/>
            <parameters/>
            <steps/>
            <attachments/>
            <failure>
                <message>Test ignored</message>
                <stack-trace>undefined</stack-trace>
            </failure>
        </test-case>
        <test-case start='1625041542788' status='passed' stop='1625041542788'>
            <name></name>
            <title></title>
            <labels>
                <label name='language' value='javascript'/>
                <label name='framework' value='wdio'/>
                <label name='thread' value='0-0'/>
            </labels>
            <parameters>
                <parameter kind='argument' name='browser' value='chrome-91.0.4472.114'/>
            </parameters>
            <steps/>
            <attachments/>
        </test-case>
    </test-cases>
</ns2:test-suite>