<?xml version='1.0'?>
<ns2:test-suite xmlns:ns2='urn:model.allure.qatools.yandex.ru' start='1625030314179' stop='1625030314184'>
    <name>The Internet Guinea Pig Website: As a user, I can log into the secure area</name>
    <title>The Internet Guinea Pig Website: As a user, I can log into the secure area</title>
    <test-cases>
        <test-case start='1625030314179' status='passed' stop='1625030314180'>
            <name></name>
            <title></title>
            <labels>
                <label name='language' value='javascript'/>
                <label name='framework' value='wdio'/>
                <label name='thread' value='0-0'/>
            </labels>
            <parameters>
                <parameter kind='argument' name='browser' value='chrome-91.0.4472.114'/>
            </parameters>
            <steps/>
            <attachments/>
        </test-case>
        <test-case start='1625030314180' status='broken' stop='1625030314180'>
            <name>Given I am on the login page</name>
            <title>Given I am on the login page</title>
            <labels>
                <label name='language' value='javascript'/>
                <label name='framework' value='wdio'/>
                <label name='thread' value='0-0'/>
            </labels>
            <parameters>
                <parameter kind='argument' name='browser' value='chrome-91.0.4472.114'/>
            </parameters>
            <steps/>
            <attachments/>
            <failure>
                <message>Step "I am on the login page" is not defined. You can ignore this error by setting cucumberOpts.ignoreUndefinedDefinitions as true.</message>
                <stack-trace>Step "I am on the login page" is not defined. You can ignore this error by setting cucumberOpts.ignoreUndefinedDefinitions as true.
                	at Feature(C:\Users\ayeliyur\Desktop\wdio-v7\features\login.feature):1:1
                	at Scenario(As a user, I can log into the secure area):3:3
                	at Step(I am on the login page):5:5
                </stack-trace>
            </failure>
        </test-case>
        <test-case start='1625030314180' status='broken' stop='1625030314181'>
            <name>When I login with foobar and barfoo</name>
            <title>When I login with foobar and barfoo</title>
            <labels>
                <label name='language' value='javascript'/>
                <label name='framework' value='wdio'/>
                <label name='thread' value='0-0'/>
            </labels>
            <parameters>
                <parameter kind='argument' name='browser' value='chrome-91.0.4472.114'/>
            </parameters>
            <steps/>
            <attachments/>
            <failure>
                <message>Step "I login with foobar and barfoo" is not defined. You can ignore this error by setting cucumberOpts.ignoreUndefinedDefinitions as true.</message>
                <stack-trace>Step "I login with foobar and barfoo" is not defined. You can ignore this error by setting cucumberOpts.ignoreUndefinedDefinitions as true.
                	at Feature(C:\Users\ayeliyur\Desktop\wdio-v7\features\login.feature):1:1
                	at Scenario(As a user, I can log into the secure area):3:3
                	at Step(I login with &lt;username> and &lt;password>):6:5
                </stack-trace>
            </failure>
        </test-case>
        <test-case start='1625030314181' status='broken' stop='1625030314181'>
            <name>Then I should see a flash message saying Your username is invalid!</name>
            <title>Then I should see a flash message saying Your username is invalid!</title>
            <labels>
                <label name='language' value='javascript'/>
                <label name='framework' value='wdio'/>
                <label name='thread' value='0-0'/>
            </labels>
            <parameters>
                <parameter kind='argument' name='browser' value='chrome-91.0.4472.114'/>
            </parameters>
            <steps/>
            <attachments/>
            <failure>
                <message>Step "I should see a flash message saying Your username is invalid!" is not defined. You can ignore this error by setting cucumberOpts.ignoreUndefinedDefinitions as true.</message>
                <stack-trace>Step "I should see a flash message saying Your username is invalid!" is not defined. You can ignore this error by setting cucumberOpts.ignoreUndefinedDefinitions as true.
                	at Feature(C:\Users\ayeliyur\Desktop\wdio-v7\features\login.feature):1:1
                	at Scenario(As a user, I can log into the secure area):3:3
                	at Step(I should see a flash message saying &lt;message>):7:5
                </stack-trace>
            </failure>
        </test-case>
        <test-case start='1625030314181' status='passed' stop='1625030314183'>
            <name></name>
            <title></title>
            <labels>
                <label name='language' value='javascript'/>
                <label name='framework' value='wdio'/>
                <label name='thread' value='0-0'/>
            </labels>
            <parameters>
                <parameter kind='argument' name='browser' value='chrome-91.0.4472.114'/>
            </parameters>
            <steps/>
            <attachments/>
        </test-case>
    </test-cases>
</ns2:test-suite>