<?xml version='1.0'?>
<ns2:test-suite xmlns:ns2='urn:model.allure.qatools.yandex.ru' start='1625040520378' stop='1625040530934'>
    <name>The Automation Practice site E2E flow: As a new user, I want to create a new account</name>
    <title>The Automation Practice site E2E flow: As a new user, I want to create a new account</title>
    <test-cases>
        <test-case start='1625040520378' status='passed' stop='1625040520379'>
            <name></name>
            <title></title>
            <labels>
                <label name='language' value='javascript'/>
                <label name='framework' value='wdio'/>
                <label name='thread' value='0-0'/>
            </labels>
            <parameters>
                <parameter kind='argument' name='browser' value='chrome-91.0.4472.114'/>
            </parameters>
            <steps/>
            <attachments/>
        </test-case>
        <test-case start='1625040520379' status='failed' stop='1625040530931'>
            <name>Given I am on the My Account page</name>
            <title>Given I am on the My Account page</title>
            <labels>
                <label name='language' value='javascript'/>
                <label name='framework' value='wdio'/>
                <label name='thread' value='0-0'/>
            </labels>
            <parameters>
                <parameter kind='argument' name='browser' value='chrome-91.0.4472.114'/>
            </parameters>
            <steps/>
            <attachments>
                <attachment title='Screenshot' source='70a61873-83cf-4fd4-a47c-2549b019e0a2-attachment.png' type='image/png' size='838333'/>
            </attachments>
            <failure>
                <message>Error: Expect $(`//h3[contains(text(),'Create an account')]`) to be existing</message>
                <stack-trace>Error: Expect $(`//h3[contains(text(),'Create an account')]`) to be existing
                
                Expected: "existing"
                Received: "not existing"
                    at World.&lt;anonymous> (C:\Users\ayeliyur\Desktop\wdio-v7\features\step-definitions\/steps.js:24:49)
                    at World.executeAsync (C:\Users\ayeliyur\Desktop\wdio-v7\node_modules\@wdio\utils\build\shim.js:136:25)
                    at World.testFrameworkFnWrapper (C:\Users\ayeliyur\Desktop\wdio-v7\node_modules\@wdio\utils\build\test-framework\testFnWrapper.js:45:32)</stack-trace>
            </failure>
        </test-case>
        <test-case start='1625040530932' status='undefined'>
            <name>When I enter the emailID and click on the Create an Account button</name>
            <title>When I enter the emailID and click on the Create an Account button</title>
            <labels>
                <label name='language' value='javascript'/>
                <label name='framework' value='wdio'/>
                <label name='thread' value='0-0'/>
            </labels>
            <parameters>
                <parameter kind='argument' name='browser' value='chrome-91.0.4472.114'/>
            </parameters>
            <steps/>
            <attachments/>
        </test-case>
        <test-case start='1625040530932' status='pending' stop='1625040530932'>
            <name>I enter the emailID and click on the Create an Account button</name>
            <title>I enter the emailID and click on the Create an Account button</title>
            <labels/>
            <parameters/>
            <steps/>
            <attachments/>
            <failure>
                <message>Test ignored</message>
                <stack-trace>undefined</stack-trace>
            </failure>
        </test-case>
        <test-case start='1625040530932' status='undefined'>
            <name>Then I should navigate to the personal information page</name>
            <title>Then I should navigate to the personal information page</title>
            <labels>
                <label name='language' value='javascript'/>
                <label name='framework' value='wdio'/>
                <label name='thread' value='0-0'/>
            </labels>
            <parameters>
                <parameter kind='argument' name='browser' value='chrome-91.0.4472.114'/>
            </parameters>
            <steps/>
            <attachments/>
        </test-case>
        <test-case start='1625040530932' status='pending' stop='1625040530932'>
            <name>I should navigate to the personal information page</name>
            <title>I should navigate to the personal information page</title>
            <labels/>
            <parameters/>
            <steps/>
            <attachments/>
            <failure>
                <message>Test ignored</message>
                <stack-trace>undefined</stack-trace>
            </failure>
        </test-case>
        <test-case start='1625040530932' status='passed' stop='1625040530934'>
            <name></name>
            <title></title>
            <labels>
                <label name='language' value='javascript'/>
                <label name='framework' value='wdio'/>
                <label name='thread' value='0-0'/>
            </labels>
            <parameters>
                <parameter kind='argument' name='browser' value='chrome-91.0.4472.114'/>
            </parameters>
            <steps/>
            <attachments/>
        </test-case>
    </test-cases>
</ns2:test-suite>