<?xml version='1.0'?>
<ns2:test-suite xmlns:ns2='urn:model.allure.qatools.yandex.ru' start='1625041403350' stop='1625041413739'>
    <name>The Automation Practice site E2E flow: To add a product to cart</name>
    <title>The Automation Practice site E2E flow: To add a product to cart</title>
    <test-cases>
        <test-case start='1625041403350' status='passed' stop='1625041403350'>
            <name></name>
            <title></title>
            <labels>
                <label name='language' value='javascript'/>
                <label name='framework' value='wdio'/>
                <label name='thread' value='0-0'/>
            </labels>
            <parameters>
                <parameter kind='argument' name='browser' value='chrome-91.0.4472.114'/>
            </parameters>
            <steps/>
            <attachments/>
        </test-case>
        <test-case start='1625041403351' status='failed' stop='1625041413737'>
            <name>Given User is logged in and on home page</name>
            <title>Given User is logged in and on home page</title>
            <labels>
                <label name='language' value='javascript'/>
                <label name='framework' value='wdio'/>
                <label name='thread' value='0-0'/>
            </labels>
            <parameters>
                <parameter kind='argument' name='browser' value='chrome-91.0.4472.114'/>
            </parameters>
            <steps/>
            <attachments>
                <attachment title='Screenshot' source='90835a08-b9b4-467c-b012-1d6825df9733-attachment.png' type='image/png' size='742890'/>
            </attachments>
            <failure>
                <message>Error: Expect $(`//span[text()='MyTest Demo']`) to be existing</message>
                <stack-trace>Error: Expect $(`//span[text()='MyTest Demo']`) to be existing
                
                Expected: "existing"
                Received: "not existing"
                    at World.&lt;anonymous> (C:\Users\ayeliyur\Desktop\wdio-v7\features\step-definitions\/steps.js:51:55)
                    at World.executeAsync (C:\Users\ayeliyur\Desktop\wdio-v7\node_modules\@wdio\utils\build\shim.js:136:25)
                    at World.testFrameworkFnWrapper (C:\Users\ayeliyur\Desktop\wdio-v7\node_modules\@wdio\utils\build\test-framework\testFnWrapper.js:45:32)</stack-trace>
            </failure>
        </test-case>
        <test-case start='1625041413737' status='undefined'>
            <name>When User views the product and clicks on add to cart</name>
            <title>When User views the product and clicks on add to cart</title>
            <labels>
                <label name='language' value='javascript'/>
                <label name='framework' value='wdio'/>
                <label name='thread' value='0-0'/>
            </labels>
            <parameters>
                <parameter kind='argument' name='browser' value='chrome-91.0.4472.114'/>
            </parameters>
            <steps/>
            <attachments/>
        </test-case>
        <test-case start='1625041413737' status='pending' stop='1625041413737'>
            <name>User views the product and clicks on add to cart</name>
            <title>User views the product and clicks on add to cart</title>
            <labels/>
            <parameters/>
            <steps/>
            <attachments/>
            <failure>
                <message>Test ignored</message>
                <stack-trace>undefined</stack-trace>
            </failure>
        </test-case>
        <test-case start='1625041413737' status='undefined'>
            <name>Then The user should be able to complete the purchase</name>
            <title>Then The user should be able to complete the purchase</title>
            <labels>
                <label name='language' value='javascript'/>
                <label name='framework' value='wdio'/>
                <label name='thread' value='0-0'/>
            </labels>
            <parameters>
                <parameter kind='argument' name='browser' value='chrome-91.0.4472.114'/>
            </parameters>
            <steps/>
            <attachments/>
        </test-case>
        <test-case start='1625041413737' status='pending' stop='1625041413737'>
            <name>The user should be able to complete the purchase</name>
            <title>The user should be able to complete the purchase</title>
            <labels/>
            <parameters/>
            <steps/>
            <attachments/>
            <failure>
                <message>Test ignored</message>
                <stack-trace>undefined</stack-trace>
            </failure>
        </test-case>
        <test-case start='1625041413737' status='passed' stop='1625041413738'>
            <name></name>
            <title></title>
            <labels>
                <label name='language' value='javascript'/>
                <label name='framework' value='wdio'/>
                <label name='thread' value='0-0'/>
            </labels>
            <parameters>
                <parameter kind='argument' name='browser' value='chrome-91.0.4472.114'/>
            </parameters>
            <steps/>
            <attachments/>
        </test-case>
    </test-cases>
</ns2:test-suite>