<?xml version='1.0'?>
<ns2:test-suite xmlns:ns2='urn:model.allure.qatools.yandex.ru' start='1625040510658' stop='1625040520359'>
    <name>The Automation Practice site E2E flow: As a new user, I want to signin to the application</name>
    <title>The Automation Practice site E2E flow: As a new user, I want to signin to the application</title>
    <test-cases>
        <test-case start='1625040510660' status='passed' stop='1625040510664'>
            <name></name>
            <title></title>
            <labels>
                <label name='language' value='javascript'/>
                <label name='framework' value='wdio'/>
                <label name='thread' value='0-0'/>
            </labels>
            <parameters>
                <parameter kind='argument' name='browser' value='chrome-91.0.4472.114'/>
            </parameters>
            <steps/>
            <attachments/>
        </test-case>
        <test-case start='1625040510665' status='passed' stop='1625040520354'>
            <name>Given I am on the automationparactice home page</name>
            <title>Given I am on the automationparactice home page</title>
            <labels>
                <label name='language' value='javascript'/>
                <label name='framework' value='wdio'/>
                <label name='thread' value='0-0'/>
            </labels>
            <parameters>
                <parameter kind='argument' name='browser' value='chrome-91.0.4472.114'/>
            </parameters>
            <steps/>
            <attachments/>
        </test-case>
        <test-case start='1625040520354' status='broken' stop='1625040520355'>
            <name>When I click on the signin button</name>
            <title>When I click on the signin button</title>
            <labels>
                <label name='language' value='javascript'/>
                <label name='framework' value='wdio'/>
                <label name='thread' value='0-0'/>
            </labels>
            <parameters>
                <parameter kind='argument' name='browser' value='chrome-91.0.4472.114'/>
            </parameters>
            <steps/>
            <attachments/>
            <failure>
                <message>Step "I click on the signin button" is not defined. You can ignore this error by setting cucumberOpts.ignoreUndefinedDefinitions as true.</message>
                <stack-trace>Step "I click on the signin button" is not defined. You can ignore this error by setting cucumberOpts.ignoreUndefinedDefinitions as true.
                	at Feature(C:\Users\ayeliyur\Desktop\wdio-v7\features\login.feature):1:1
                	at Scenario(As a new user, I want to signin to the application):3:3
                	at Step(I click on the signin button):6:5
                </stack-trace>
            </failure>
        </test-case>
        <test-case start='1625040520355' status='undefined'>
            <name>Then I should navigate to the My Accounts page</name>
            <title>Then I should navigate to the My Accounts page</title>
            <labels>
                <label name='language' value='javascript'/>
                <label name='framework' value='wdio'/>
                <label name='thread' value='0-0'/>
            </labels>
            <parameters>
                <parameter kind='argument' name='browser' value='chrome-91.0.4472.114'/>
            </parameters>
            <steps/>
            <attachments/>
        </test-case>
        <test-case start='1625040520355' status='pending' stop='1625040520355'>
            <name>I should navigate to the My Accounts page</name>
            <title>I should navigate to the My Accounts page</title>
            <labels/>
            <parameters/>
            <steps/>
            <attachments/>
            <failure>
                <message>Test ignored</message>
                <stack-trace>undefined</stack-trace>
            </failure>
        </test-case>
        <test-case start='1625040520355' status='passed' stop='1625040520356'>
            <name></name>
            <title></title>
            <labels>
                <label name='language' value='javascript'/>
                <label name='framework' value='wdio'/>
                <label name='thread' value='0-0'/>
            </labels>
            <parameters>
                <parameter kind='argument' name='browser' value='chrome-91.0.4472.114'/>
            </parameters>
            <steps/>
            <attachments/>
        </test-case>
    </test-cases>
</ns2:test-suite>