<?xml version='1.0'?>
<ns2:test-suite xmlns:ns2='urn:model.allure.qatools.yandex.ru' start='1625041651673' stop='1625041661752'>
    <name>The Automation Practice site E2E flow: To register, the user has to provide his/her personal information</name>
    <title>The Automation Practice site E2E flow: To register, the user has to provide his/her personal information</title>
    <test-cases>
        <test-case start='1625041651673' status='passed' stop='1625041651674'>
            <name></name>
            <title></title>
            <labels>
                <label name='language' value='javascript'/>
                <label name='framework' value='wdio'/>
                <label name='thread' value='0-0'/>
            </labels>
            <parameters>
                <parameter kind='argument' name='browser' value='chrome-91.0.4472.114'/>
            </parameters>
            <steps/>
            <attachments/>
        </test-case>
        <test-case start='1625041651674' status='failed' stop='1625041661749'>
            <name>Given I am on the personal information page</name>
            <title>Given I am on the personal information page</title>
            <labels>
                <label name='language' value='javascript'/>
                <label name='framework' value='wdio'/>
                <label name='thread' value='0-0'/>
            </labels>
            <parameters>
                <parameter kind='argument' name='browser' value='chrome-91.0.4472.114'/>
            </parameters>
            <steps/>
            <attachments/>
            <failure>
                <message>Error: Expect $(`//h3[contains(text(),'Your personal information')]`) to be existing</message>
                <stack-trace>Error: Expect $(`//h3[contains(text(),'Your personal information')]`) to be existing
                
                Expected: "existing"
                Received: "not existing"
                    at World.&lt;anonymous> (C:\Users\ayeliyur\Desktop\wdio-v7\features\step-definitions\/steps.js:39:49)
                    at World.executeAsync (C:\Users\ayeliyur\Desktop\wdio-v7\node_modules\@wdio\utils\build\shim.js:136:25)
                    at World.testFrameworkFnWrapper (C:\Users\ayeliyur\Desktop\wdio-v7\node_modules\@wdio\utils\build\test-framework\testFnWrapper.js:45:32)</stack-trace>
            </failure>
        </test-case>
        <test-case start='1625041661750' status='undefined'>
            <name>When User enters the mandatory fields and click on Register button</name>
            <title>When User enters the mandatory fields and click on Register button</title>
            <labels>
                <label name='language' value='javascript'/>
                <label name='framework' value='wdio'/>
                <label name='thread' value='0-0'/>
            </labels>
            <parameters>
                <parameter kind='argument' name='browser' value='chrome-91.0.4472.114'/>
            </parameters>
            <steps/>
            <attachments/>
        </test-case>
        <test-case start='1625041661750' status='pending' stop='1625041661750'>
            <name>User enters the mandatory fields and click on Register button</name>
            <title>User enters the mandatory fields and click on Register button</title>
            <labels/>
            <parameters/>
            <steps/>
            <attachments/>
            <failure>
                <message>Test ignored</message>
                <stack-trace>undefined</stack-trace>
            </failure>
        </test-case>
        <test-case start='1625041661750' status='undefined'>
            <name>Then The user should be registered and logged in successfully</name>
            <title>Then The user should be registered and logged in successfully</title>
            <labels>
                <label name='language' value='javascript'/>
                <label name='framework' value='wdio'/>
                <label name='thread' value='0-0'/>
            </labels>
            <parameters>
                <parameter kind='argument' name='browser' value='chrome-91.0.4472.114'/>
            </parameters>
            <steps/>
            <attachments/>
        </test-case>
        <test-case start='1625041661750' status='pending' stop='1625041661750'>
            <name>The user should be registered and logged in successfully</name>
            <title>The user should be registered and logged in successfully</title>
            <labels/>
            <parameters/>
            <steps/>
            <attachments/>
            <failure>
                <message>Test ignored</message>
                <stack-trace>undefined</stack-trace>
            </failure>
        </test-case>
        <test-case start='1625041661750' status='passed' stop='1625041661752'>
            <name></name>
            <title></title>
            <labels>
                <label name='language' value='javascript'/>
                <label name='framework' value='wdio'/>
                <label name='thread' value='0-0'/>
            </labels>
            <parameters>
                <parameter kind='argument' name='browser' value='chrome-91.0.4472.114'/>
            </parameters>
            <steps/>
            <attachments/>
        </test-case>
    </test-cases>
</ns2:test-suite>